2025-08-29 17:39:49,704 [INFO] uvicorn.error - Started server process [14532]
2025-08-29 17:39:49,704 [INFO] uvicorn.error - Started server process [14532]
2025-08-29 17:39:49,705 [INFO] uvicorn.error - Waiting for application startup.
2025-08-29 17:39:49,705 [INFO] uvicorn.error - Waiting for application startup.
2025-08-29 17:39:49,720 [INFO] uvicorn.error - Application startup complete.
2025-08-29 17:39:49,720 [INFO] uvicorn.error - Application startup complete.
2025-08-29 17:40:26,593 [INFO] uvicorn.access - 127.0.0.1:50826 - "POST /login HTTP/1.1" 307
2025-08-29 17:40:26,638 [INFO] uvicorn.access - 127.0.0.1:50826 - "POST /login/ HTTP/1.1" 403
2025-08-29 17:42:04,148 [INFO] uvicorn.access - 127.0.0.1:59099 - "POST /login HTTP/1.1" 307
2025-08-29 17:42:04,159 [INFO] uvicorn.access - 127.0.0.1:59099 - "POST /login/ HTTP/1.1" 403
2025-08-29 17:42:05,576 [INFO] uvicorn.error - Shutting down
2025-08-29 17:42:05,576 [INFO] uvicorn.error - Shutting down
2025-08-29 17:42:05,685 [INFO] uvicorn.error - Waiting for application shutdown.
2025-08-29 17:42:05,685 [INFO] uvicorn.error - Waiting for application shutdown.
2025-08-29 17:42:05,686 [INFO] uvicorn.error - Application shutdown complete.
2025-08-29 17:42:05,686 [INFO] uvicorn.error - Application shutdown complete.
2025-08-29 17:42:05,687 [INFO] uvicorn.error - Finished server process [14532]
2025-08-29 17:42:05,687 [INFO] uvicorn.error - Finished server process [14532]
2025-08-29 17:42:12,024 [INFO] uvicorn.error - Started server process [3508]
2025-08-29 17:42:12,024 [INFO] uvicorn.error - Started server process [3508]
2025-08-29 17:42:12,025 [INFO] uvicorn.error - Waiting for application startup.
2025-08-29 17:42:12,025 [INFO] uvicorn.error - Waiting for application startup.
2025-08-29 17:42:12,043 [INFO] uvicorn.error - Application startup complete.
2025-08-29 17:42:12,043 [INFO] uvicorn.error - Application startup complete.
2025-08-29 17:43:22,542 [INFO] uvicorn.error - Shutting down
2025-08-29 17:43:22,542 [INFO] uvicorn.error - Shutting down
2025-08-29 17:43:22,651 [INFO] uvicorn.error - Waiting for application shutdown.
2025-08-29 17:43:22,651 [INFO] uvicorn.error - Waiting for application shutdown.
2025-08-29 17:43:22,652 [INFO] uvicorn.error - Application shutdown complete.
2025-08-29 17:43:22,652 [INFO] uvicorn.error - Application shutdown complete.
2025-08-29 17:43:22,653 [INFO] uvicorn.error - Finished server process [3508]
2025-08-29 17:43:22,653 [INFO] uvicorn.error - Finished server process [3508]
2025-08-29 17:43:28,832 [INFO] uvicorn.error - Started server process [21624]
2025-08-29 17:43:28,832 [INFO] uvicorn.error - Started server process [21624]
2025-08-29 17:43:28,833 [INFO] uvicorn.error - Waiting for application startup.
2025-08-29 17:43:28,833 [INFO] uvicorn.error - Waiting for application startup.
2025-08-29 17:43:28,849 [INFO] uvicorn.error - Application startup complete.
2025-08-29 17:43:28,849 [INFO] uvicorn.error - Application startup complete.
2025-08-29 17:43:33,014 [INFO] uvicorn.error - Shutting down
2025-08-29 17:43:33,014 [INFO] uvicorn.error - Shutting down
2025-08-29 17:43:33,124 [INFO] uvicorn.error - Waiting for application shutdown.
2025-08-29 17:43:33,124 [INFO] uvicorn.error - Waiting for application shutdown.
2025-08-29 17:43:33,125 [INFO] uvicorn.error - Application shutdown complete.
2025-08-29 17:43:33,125 [INFO] uvicorn.error - Application shutdown complete.
2025-08-29 17:43:33,126 [INFO] uvicorn.error - Finished server process [21624]
2025-08-29 17:43:33,126 [INFO] uvicorn.error - Finished server process [21624]
2025-08-29 17:43:39,280 [INFO] uvicorn.error - Started server process [10932]
2025-08-29 17:43:39,280 [INFO] uvicorn.error - Started server process [10932]
2025-08-29 17:43:39,281 [INFO] uvicorn.error - Waiting for application startup.
2025-08-29 17:43:39,281 [INFO] uvicorn.error - Waiting for application startup.
2025-08-29 17:43:39,298 [INFO] uvicorn.error - Application startup complete.
2025-08-29 17:43:39,298 [INFO] uvicorn.error - Application startup complete.
2025-08-29 17:43:39,299 [INFO] uvicorn.access - 127.0.0.1:58470 - "POST /login HTTP/1.1" 307
2025-08-29 17:43:39,336 [INFO] uvicorn.access - 127.0.0.1:58470 - "POST /login/ HTTP/1.1" 403
2025-08-29 17:44:07,927 [INFO] uvicorn.error - Shutting down
2025-08-29 17:44:07,927 [INFO] uvicorn.error - Shutting down
2025-08-29 17:44:08,036 [INFO] uvicorn.error - Waiting for application shutdown.
2025-08-29 17:44:08,036 [INFO] uvicorn.error - Waiting for application shutdown.
2025-08-29 17:44:08,037 [INFO] uvicorn.error - Application shutdown complete.
2025-08-29 17:44:08,037 [INFO] uvicorn.error - Application shutdown complete.
2025-08-29 17:44:08,038 [INFO] uvicorn.error - Finished server process [10932]
2025-08-29 17:44:08,038 [INFO] uvicorn.error - Finished server process [10932]
2025-08-29 17:44:14,101 [INFO] uvicorn.error - Started server process [2628]
2025-08-29 17:44:14,101 [INFO] uvicorn.error - Started server process [2628]
2025-08-29 17:44:14,102 [INFO] uvicorn.error - Waiting for application startup.
2025-08-29 17:44:14,102 [INFO] uvicorn.error - Waiting for application startup.
2025-08-29 17:44:14,118 [INFO] uvicorn.error - Application startup complete.
2025-08-29 17:44:14,118 [INFO] uvicorn.error - Application startup complete.
2025-08-29 17:44:14,119 [INFO] uvicorn.access - 127.0.0.1:62283 - "POST /login HTTP/1.1" 307
2025-08-29 17:44:14,159 [INFO] uvicorn.access - 127.0.0.1:62283 - "POST /login/ HTTP/1.1" 403
2025-08-29 17:44:59,692 [INFO] uvicorn.error - Shutting down
2025-08-29 17:44:59,692 [INFO] uvicorn.error - Shutting down
2025-08-29 17:44:59,803 [INFO] uvicorn.error - Waiting for application shutdown.
2025-08-29 17:44:59,803 [INFO] uvicorn.error - Waiting for application shutdown.
2025-08-29 17:44:59,804 [INFO] uvicorn.error - Application shutdown complete.
2025-08-29 17:44:59,804 [INFO] uvicorn.error - Application shutdown complete.
2025-08-29 17:44:59,804 [INFO] uvicorn.error - Finished server process [2628]
2025-08-29 17:44:59,804 [INFO] uvicorn.error - Finished server process [2628]
2025-08-29 17:45:05,939 [INFO] uvicorn.error - Started server process [19360]
2025-08-29 17:45:05,939 [INFO] uvicorn.error - Started server process [19360]
2025-08-29 17:45:05,940 [INFO] uvicorn.error - Waiting for application startup.
2025-08-29 17:45:05,940 [INFO] uvicorn.error - Waiting for application startup.
2025-08-29 17:45:05,958 [INFO] uvicorn.error - Application startup complete.
2025-08-29 17:45:05,958 [INFO] uvicorn.error - Application startup complete.
2025-08-29 17:48:20,837 [INFO] uvicorn.access - 127.0.0.1:51610 - "GET /get HTTP/1.1" 404
2025-08-29 17:48:32,680 [INFO] uvicorn.access - 127.0.0.1:57803 - "POST /get HTTP/1.1" 404
2025-08-29 17:49:14,574 [INFO] backend - Root endpoint hit
2025-08-29 17:49:14,575 [INFO] uvicorn.access - 127.0.0.1:53003 - "GET / HTTP/1.1" 200
2025-08-29 17:56:26,223 [INFO] uvicorn.error - Shutting down
2025-08-29 17:56:26,223 [INFO] uvicorn.error - Shutting down
2025-08-29 17:56:26,332 [INFO] uvicorn.error - Waiting for application shutdown.
2025-08-29 17:56:26,332 [INFO] uvicorn.error - Waiting for application shutdown.
2025-08-29 17:56:26,332 [INFO] uvicorn.error - Application shutdown complete.
2025-08-29 17:56:26,332 [INFO] uvicorn.error - Application shutdown complete.
2025-08-29 17:56:26,333 [INFO] uvicorn.error - Finished server process [19360]
2025-08-29 17:56:26,333 [INFO] uvicorn.error - Finished server process [19360]
2025-08-29 17:56:33,310 [INFO] uvicorn.error - Started server process [21420]
2025-08-29 17:56:33,310 [INFO] uvicorn.error - Started server process [21420]
2025-08-29 17:56:33,311 [INFO] uvicorn.error - Waiting for application startup.
2025-08-29 17:56:33,311 [INFO] uvicorn.error - Waiting for application startup.
2025-08-29 17:56:33,342 [INFO] uvicorn.error - Application startup complete.
2025-08-29 17:56:33,342 [INFO] uvicorn.error - Application startup complete.
2025-08-29 17:56:43,646 [INFO] uvicorn.access - 127.0.0.1:50915 - "POST /login HTTP/1.1" 307
2025-08-29 17:56:43,695 [INFO] uvicorn.access - 127.0.0.1:50915 - "POST /login/ HTTP/1.1" 403
2025-08-29 17:57:22,733 [INFO] uvicorn.error - Shutting down
2025-08-29 17:57:22,733 [INFO] uvicorn.error - Shutting down
2025-08-29 17:57:22,842 [INFO] uvicorn.error - Waiting for application shutdown.
2025-08-29 17:57:22,842 [INFO] uvicorn.error - Waiting for application shutdown.
2025-08-29 17:57:22,843 [INFO] uvicorn.error - Application shutdown complete.
2025-08-29 17:57:22,843 [INFO] uvicorn.error - Application shutdown complete.
2025-08-29 17:57:22,843 [INFO] uvicorn.error - Finished server process [21420]
2025-08-29 17:57:22,843 [INFO] uvicorn.error - Finished server process [21420]
2025-08-29 17:57:28,831 [INFO] uvicorn.error - Started server process [17080]
2025-08-29 17:57:28,831 [INFO] uvicorn.error - Started server process [17080]
2025-08-29 17:57:28,831 [INFO] uvicorn.error - Waiting for application startup.
2025-08-29 17:57:28,831 [INFO] uvicorn.error - Waiting for application startup.
2025-08-29 17:57:28,847 [INFO] uvicorn.error - Application startup complete.
2025-08-29 17:57:28,847 [INFO] uvicorn.error - Application startup complete.
2025-08-29 18:03:10,156 [INFO] uvicorn.error - Shutting down
2025-08-29 18:03:10,156 [INFO] uvicorn.error - Shutting down
2025-08-29 18:03:10,265 [INFO] uvicorn.error - Waiting for application shutdown.
2025-08-29 18:03:10,265 [INFO] uvicorn.error - Waiting for application shutdown.
2025-08-29 18:03:10,266 [INFO] uvicorn.error - Application shutdown complete.
2025-08-29 18:03:10,266 [INFO] uvicorn.error - Application shutdown complete.
2025-08-29 18:03:10,266 [INFO] uvicorn.error - Finished server process [17080]
2025-08-29 18:03:10,266 [INFO] uvicorn.error - Finished server process [17080]
2025-08-29 18:03:16,524 [INFO] backend - message
2025-08-29 18:03:16,608 [INFO] uvicorn.error - Started server process [6660]
2025-08-29 18:03:16,608 [INFO] uvicorn.error - Started server process [6660]
2025-08-29 18:03:16,609 [INFO] uvicorn.error - Waiting for application startup.
2025-08-29 18:03:16,609 [INFO] uvicorn.error - Waiting for application startup.
2025-08-29 18:03:16,625 [INFO] uvicorn.error - Application startup complete.
2025-08-29 18:03:16,625 [INFO] uvicorn.error - Application startup complete.
2025-08-29 18:03:22,789 [INFO] uvicorn.access - 127.0.0.1:51090 - "POST /login HTTP/1.1" 307
2025-08-29 18:03:22,837 [INFO] uvicorn.access - 127.0.0.1:51090 - "POST /login/ HTTP/1.1" 403
2025-08-29 18:04:06,359 [INFO] uvicorn.error - Shutting down
2025-08-29 18:04:06,359 [INFO] uvicorn.error - Shutting down
2025-08-29 18:04:06,469 [INFO] uvicorn.error - Waiting for application shutdown.
2025-08-29 18:04:06,469 [INFO] uvicorn.error - Waiting for application shutdown.
2025-08-29 18:04:06,470 [INFO] uvicorn.error - Application shutdown complete.
2025-08-29 18:04:06,470 [INFO] uvicorn.error - Application shutdown complete.
2025-08-29 18:04:06,470 [INFO] uvicorn.error - Finished server process [6660]
2025-08-29 18:04:06,470 [INFO] uvicorn.error - Finished server process [6660]
2025-08-29 18:04:12,676 [INFO] uvicorn.error - Started server process [6520]
2025-08-29 18:04:12,676 [INFO] uvicorn.error - Started server process [6520]
2025-08-29 18:04:12,676 [INFO] uvicorn.error - Waiting for application startup.
2025-08-29 18:04:12,676 [INFO] uvicorn.error - Waiting for application startup.
2025-08-29 18:04:12,693 [INFO] uvicorn.error - Application startup complete.
2025-08-29 18:04:12,693 [INFO] uvicorn.error - Application startup complete.
2025-08-29 18:27:37,825 [INFO] uvicorn.error - Shutting down
2025-08-29 18:27:37,825 [INFO] uvicorn.error - Shutting down
2025-08-29 18:27:37,934 [INFO] uvicorn.error - Waiting for application shutdown.
2025-08-29 18:27:37,934 [INFO] uvicorn.error - Waiting for application shutdown.
2025-08-29 18:27:37,935 [INFO] uvicorn.error - Application shutdown complete.
2025-08-29 18:27:37,935 [INFO] uvicorn.error - Application shutdown complete.
2025-08-29 18:27:37,935 [INFO] uvicorn.error - Finished server process [6520]
2025-08-29 18:27:37,935 [INFO] uvicorn.error - Finished server process [6520]
2025-08-29 18:39:47,430 [INFO] uvicorn.error - Started server process [20512]
2025-08-29 18:39:47,430 [INFO] uvicorn.error - Started server process [20512]
2025-08-29 18:39:47,431 [INFO] uvicorn.error - Waiting for application startup.
2025-08-29 18:39:47,431 [INFO] uvicorn.error - Waiting for application startup.
2025-08-29 18:39:47,432 [INFO] uvicorn.error - Application startup complete.
2025-08-29 18:39:47,432 [INFO] uvicorn.error - Application startup complete.
2025-08-29 18:39:58,160 [INFO] uvicorn.access - 127.0.0.1:62987 - "POST /login HTTP/1.1" 307
2025-08-29 18:39:58,207 [INFO] uvicorn.access - 127.0.0.1:62987 - "POST /login/ HTTP/1.1" 403
2025-08-29 18:40:37,205 [INFO] uvicorn.error - Shutting down
2025-08-29 18:40:37,205 [INFO] uvicorn.error - Shutting down
2025-08-29 18:40:37,314 [INFO] uvicorn.error - Waiting for application shutdown.
2025-08-29 18:40:37,314 [INFO] uvicorn.error - Waiting for application shutdown.
2025-08-29 18:40:37,315 [INFO] uvicorn.error - Application shutdown complete.
2025-08-29 18:40:37,315 [INFO] uvicorn.error - Application shutdown complete.
2025-08-29 18:40:37,316 [INFO] uvicorn.error - Finished server process [20512]
2025-08-29 18:40:37,316 [INFO] uvicorn.error - Finished server process [20512]
2025-08-29 18:40:43,309 [INFO] uvicorn.error - Started server process [14712]
2025-08-29 18:40:43,309 [INFO] uvicorn.error - Started server process [14712]
2025-08-29 18:40:43,310 [INFO] uvicorn.error - Waiting for application startup.
2025-08-29 18:40:43,310 [INFO] uvicorn.error - Waiting for application startup.
2025-08-29 18:40:43,345 [INFO] uvicorn.error - Application startup complete.
2025-08-29 18:40:43,345 [INFO] uvicorn.error - Application startup complete.
2025-08-29 18:40:43,346 [INFO] uvicorn.access - 127.0.0.1:62728 - "POST /login HTTP/1.1" 307
2025-08-29 18:40:43,387 [INFO] uvicorn.access - 127.0.0.1:62728 - "POST /login/ HTTP/1.1" 403
2025-08-29 18:41:33,156 [INFO] uvicorn.error - Shutting down
2025-08-29 18:41:33,156 [INFO] uvicorn.error - Shutting down
2025-08-29 18:41:33,267 [INFO] uvicorn.error - Waiting for application shutdown.
2025-08-29 18:41:33,267 [INFO] uvicorn.error - Waiting for application shutdown.
2025-08-29 18:41:33,267 [INFO] uvicorn.error - Application shutdown complete.
2025-08-29 18:41:33,267 [INFO] uvicorn.error - Application shutdown complete.
2025-08-29 18:41:33,268 [INFO] uvicorn.error - Finished server process [14712]
2025-08-29 18:41:33,268 [INFO] uvicorn.error - Finished server process [14712]
2025-08-29 18:41:39,456 [INFO] uvicorn.error - Started server process [4212]
2025-08-29 18:41:39,456 [INFO] uvicorn.error - Started server process [4212]
2025-08-29 18:41:39,456 [INFO] uvicorn.error - Waiting for application startup.
2025-08-29 18:41:39,456 [INFO] uvicorn.error - Waiting for application startup.
2025-08-29 18:41:39,471 [INFO] uvicorn.error - Application startup complete.
2025-08-29 18:41:39,471 [INFO] uvicorn.error - Application startup complete.
2025-08-29 18:41:39,473 [INFO] uvicorn.access - 127.0.0.1:61492 - "POST /login HTTP/1.1" 307
2025-08-29 18:41:39,510 [INFO] uvicorn.access - 127.0.0.1:61492 - "POST /login/ HTTP/1.1" 403
2025-08-29 18:42:32,916 [INFO] uvicorn.error - Shutting down
2025-08-29 18:42:32,916 [INFO] uvicorn.error - Shutting down
2025-08-29 18:42:33,026 [INFO] uvicorn.error - Waiting for application shutdown.
2025-08-29 18:42:33,026 [INFO] uvicorn.error - Waiting for application shutdown.
2025-08-29 18:42:33,027 [INFO] uvicorn.error - Application shutdown complete.
2025-08-29 18:42:33,027 [INFO] uvicorn.error - Application shutdown complete.
2025-08-29 18:42:33,028 [INFO] uvicorn.error - Finished server process [4212]
2025-08-29 18:42:33,028 [INFO] uvicorn.error - Finished server process [4212]
2025-08-29 18:42:38,938 [INFO] uvicorn.error - Started server process [14100]
2025-08-29 18:42:38,938 [INFO] uvicorn.error - Started server process [14100]
2025-08-29 18:42:38,939 [INFO] uvicorn.error - Waiting for application startup.
2025-08-29 18:42:38,939 [INFO] uvicorn.error - Waiting for application startup.
2025-08-29 18:42:38,956 [INFO] uvicorn.error - Application startup complete.
2025-08-29 18:42:38,956 [INFO] uvicorn.error - Application startup complete.
2025-08-29 19:21:46,559 [INFO] uvicorn.error - Shutting down
2025-08-29 19:21:46,559 [INFO] uvicorn.error - Shutting down
2025-08-29 19:21:46,667 [INFO] uvicorn.error - Waiting for application shutdown.
2025-08-29 19:21:46,667 [INFO] uvicorn.error - Waiting for application shutdown.
2025-08-29 19:21:46,669 [INFO] uvicorn.error - Application shutdown complete.
2025-08-29 19:21:46,669 [INFO] uvicorn.error - Application shutdown complete.
2025-08-29 19:21:46,670 [INFO] uvicorn.error - Finished server process [14100]
2025-08-29 19:21:46,670 [INFO] uvicorn.error - Finished server process [14100]
2025-08-29 19:21:53,830 [INFO] uvicorn.error - Started server process [25036]
2025-08-29 19:21:53,830 [INFO] uvicorn.error - Started server process [25036]
2025-08-29 19:21:53,831 [INFO] uvicorn.error - Waiting for application startup.
2025-08-29 19:21:53,831 [INFO] uvicorn.error - Waiting for application startup.
2025-08-29 19:21:53,878 [INFO] uvicorn.error - Application startup complete.
2025-08-29 19:21:53,878 [INFO] uvicorn.error - Application startup complete.
2025-08-29 19:22:05,360 [INFO] uvicorn.error - Shutting down
2025-08-29 19:22:05,360 [INFO] uvicorn.error - Shutting down
2025-08-29 19:22:05,470 [INFO] uvicorn.error - Waiting for application shutdown.
2025-08-29 19:22:05,470 [INFO] uvicorn.error - Waiting for application shutdown.
2025-08-29 19:22:05,471 [INFO] uvicorn.error - Application shutdown complete.
2025-08-29 19:22:05,471 [INFO] uvicorn.error - Application shutdown complete.
2025-08-29 19:22:05,471 [INFO] uvicorn.error - Finished server process [25036]
2025-08-29 19:22:05,471 [INFO] uvicorn.error - Finished server process [25036]
2025-08-29 19:22:11,493 [INFO] uvicorn.error - Started server process [3116]
2025-08-29 19:22:11,493 [INFO] uvicorn.error - Started server process [3116]
2025-08-29 19:22:11,494 [INFO] uvicorn.error - Waiting for application startup.
2025-08-29 19:22:11,494 [INFO] uvicorn.error - Waiting for application startup.
2025-08-29 19:22:11,513 [INFO] uvicorn.error - Application startup complete.
2025-08-29 19:22:11,513 [INFO] uvicorn.error - Application startup complete.
2025-08-29 19:22:19,965 [INFO] uvicorn.access - 127.0.0.1:52318 - "POST /login HTTP/1.1" 307
2025-08-29 19:22:20,021 [INFO] uvicorn.access - 127.0.0.1:52318 - "POST /login/ HTTP/1.1" 403
2025-08-29 20:50:55,644 [INFO] uvicorn.error - Shutting down
2025-08-29 20:50:55,644 [INFO] uvicorn.error - Shutting down
2025-08-29 20:50:55,755 [INFO] uvicorn.error - Waiting for application shutdown.
2025-08-29 20:50:55,755 [INFO] uvicorn.error - Waiting for application shutdown.
2025-08-29 20:50:55,757 [INFO] uvicorn.error - Application shutdown complete.
2025-08-29 20:50:55,757 [INFO] uvicorn.error - Application shutdown complete.
2025-08-29 20:50:55,758 [INFO] uvicorn.error - Finished server process [3116]
2025-08-29 20:50:55,758 [INFO] uvicorn.error - Finished server process [3116]
2025-08-29 20:51:02,873 [INFO] uvicorn.error - Started server process [14236]
2025-08-29 20:51:02,873 [INFO] uvicorn.error - Started server process [14236]
2025-08-29 20:51:02,873 [INFO] uvicorn.error - Waiting for application startup.
2025-08-29 20:51:02,873 [INFO] uvicorn.error - Waiting for application startup.
2025-08-29 20:51:02,910 [INFO] uvicorn.error - Application startup complete.
2025-08-29 20:51:02,910 [INFO] uvicorn.error - Application startup complete.
2025-08-29 20:51:47,254 [INFO] uvicorn.access - 127.0.0.1:51579 - "POST /login HTTP/1.1" 307
2025-08-29 20:51:47,305 [INFO] uvicorn.access - 127.0.0.1:51579 - "POST /login/ HTTP/1.1" 403
2025-08-29 20:58:14,906 [INFO] uvicorn.error - Shutting down
2025-08-29 20:58:14,906 [INFO] uvicorn.error - Shutting down
2025-08-29 20:58:15,016 [INFO] uvicorn.error - Waiting for application shutdown.
2025-08-29 20:58:15,016 [INFO] uvicorn.error - Waiting for application shutdown.
2025-08-29 20:58:15,017 [INFO] uvicorn.error - Application shutdown complete.
2025-08-29 20:58:15,017 [INFO] uvicorn.error - Application shutdown complete.
2025-08-29 20:58:15,017 [INFO] uvicorn.error - Finished server process [14236]
2025-08-29 20:58:15,017 [INFO] uvicorn.error - Finished server process [14236]
2025-08-29 20:58:21,000 [INFO] uvicorn.error - Started server process [15788]
2025-08-29 20:58:21,000 [INFO] uvicorn.error - Started server process [15788]
2025-08-29 20:58:21,001 [INFO] uvicorn.error - Waiting for application startup.
2025-08-29 20:58:21,001 [INFO] uvicorn.error - Waiting for application startup.
2025-08-29 20:58:21,017 [INFO] uvicorn.error - Application startup complete.
2025-08-29 20:58:21,017 [INFO] uvicorn.error - Application startup complete.
2025-08-29 20:58:32,247 [INFO] uvicorn.access - 127.0.0.1:59411 - "POST /login HTTP/1.1" 307
2025-08-29 20:58:32,293 [INFO] uvicorn.access - 127.0.0.1:59411 - "POST /login/ HTTP/1.1" 403
2025-08-29 21:02:00,820 [INFO] uvicorn.error - Shutting down
2025-08-29 21:02:00,820 [INFO] uvicorn.error - Shutting down
2025-08-29 21:02:00,929 [INFO] uvicorn.error - Waiting for application shutdown.
2025-08-29 21:02:00,929 [INFO] uvicorn.error - Waiting for application shutdown.
2025-08-29 21:02:00,931 [INFO] uvicorn.error - Application shutdown complete.
2025-08-29 21:02:00,931 [INFO] uvicorn.error - Application shutdown complete.
2025-08-29 21:02:00,931 [INFO] uvicorn.error - Finished server process [15788]
2025-08-29 21:02:00,931 [INFO] uvicorn.error - Finished server process [15788]
2025-08-29 21:02:07,065 [INFO] uvicorn.error - Started server process [9364]
2025-08-29 21:02:07,065 [INFO] uvicorn.error - Started server process [9364]
2025-08-29 21:02:07,066 [INFO] uvicorn.error - Waiting for application startup.
2025-08-29 21:02:07,066 [INFO] uvicorn.error - Waiting for application startup.
2025-08-29 21:02:07,081 [INFO] uvicorn.error - Application startup complete.
2025-08-29 21:02:07,081 [INFO] uvicorn.error - Application startup complete.
2025-08-29 21:02:08,622 [INFO] uvicorn.access - 127.0.0.1:51224 - "POST /login HTTP/1.1" 307
2025-08-29 21:02:08,664 [INFO] uvicorn.access - 127.0.0.1:51224 - "POST /login/ HTTP/1.1" 403
2025-08-29 21:06:02,908 [INFO] uvicorn.error - Shutting down
2025-08-29 21:06:02,908 [INFO] uvicorn.error - Shutting down
2025-08-29 21:06:03,017 [INFO] uvicorn.error - Waiting for application shutdown.
2025-08-29 21:06:03,017 [INFO] uvicorn.error - Waiting for application shutdown.
2025-08-29 21:06:03,018 [INFO] uvicorn.error - Application shutdown complete.
2025-08-29 21:06:03,018 [INFO] uvicorn.error - Application shutdown complete.
2025-08-29 21:06:03,018 [INFO] uvicorn.error - Finished server process [9364]
2025-08-29 21:06:03,018 [INFO] uvicorn.error - Finished server process [9364]
2025-08-29 21:06:09,027 [INFO] uvicorn.error - Started server process [4588]
2025-08-29 21:06:09,028 [INFO] uvicorn.error - Waiting for application startup.
2025-08-29 21:06:09,045 [INFO] uvicorn.error - Application startup complete.
2025-08-29 21:06:13,086 [INFO] uvicorn.error - Shutting down
2025-08-29 21:06:13,195 [INFO] uvicorn.error - Waiting for application shutdown.
2025-08-29 21:06:13,196 [INFO] uvicorn.error - Application shutdown complete.
2025-08-29 21:06:13,196 [INFO] uvicorn.error - Finished server process [4588]
2025-08-29 21:06:19,686 [INFO] uvicorn.error - Started server process [14440]
2025-08-29 21:06:19,687 [INFO] uvicorn.error - Waiting for application startup.
2025-08-29 21:06:19,702 [INFO] uvicorn.error - Application startup complete.
2025-08-29 21:06:30,390 [INFO] uvicorn.access - 127.0.0.1:56207 - "POST /login HTTP/1.1" 307
2025-08-29 21:06:30,439 [INFO] uvicorn.access - 127.0.0.1:56207 - "POST /login/ HTTP/1.1" 403
2025-08-29 21:06:43,295 [INFO] backend - Root endpoint hit
2025-08-29 21:06:43,296 [INFO] uvicorn.access - 127.0.0.1:49674 - "GET / HTTP/1.1" 200
2025-08-29 21:07:06,846 [INFO] uvicorn.error - Shutting down
2025-08-29 21:07:06,955 [INFO] uvicorn.error - Waiting for application shutdown.
2025-08-29 21:07:06,956 [INFO] uvicorn.error - Application shutdown complete.
2025-08-29 21:07:06,957 [INFO] uvicorn.error - Finished server process [14440]
2025-08-29 21:07:13,061 [INFO] uvicorn.error - Started server process [15336]
2025-08-29 21:07:13,061 [INFO] uvicorn.error - Waiting for application startup.
2025-08-29 21:07:13,078 [INFO] uvicorn.error - Application startup complete.
2025-08-29 21:09:52,415 [INFO] uvicorn.error - Shutting down
2025-08-29 21:09:52,524 [INFO] uvicorn.error - Waiting for application shutdown.
2025-08-29 21:09:52,525 [INFO] uvicorn.error - Application shutdown complete.
2025-08-29 21:09:52,525 [INFO] uvicorn.error - Finished server process [15336]
2025-08-29 21:09:58,518 [INFO] uvicorn.error - Started server process [23088]
2025-08-29 21:09:58,519 [INFO] uvicorn.error - Waiting for application startup.
2025-08-29 21:09:58,535 [INFO] uvicorn.error - Application startup complete.
2025-08-29 21:10:40,967 [INFO] uvicorn.access - 127.0.0.1:54513 - "POST /login HTTP/1.1" 307
2025-08-29 21:10:41,012 [INFO] uvicorn.access - 127.0.0.1:54513 - "POST /login/ HTTP/1.1" 403
2025-08-29 21:11:34,676 [INFO] uvicorn.error - Shutting down
2025-08-29 21:11:34,787 [INFO] uvicorn.error - Waiting for application shutdown.
2025-08-29 21:11:34,787 [INFO] uvicorn.error - Application shutdown complete.
2025-08-29 21:11:34,788 [INFO] uvicorn.error - Finished server process [23088]
2025-08-29 21:11:40,809 [INFO] uvicorn.error - Started server process [21936]
2025-08-29 21:11:40,810 [INFO] uvicorn.error - Waiting for application startup.
2025-08-29 21:11:40,825 [INFO] uvicorn.error - Application startup complete.
2025-08-29 21:11:40,827 [INFO] uvicorn.access - 127.0.0.1:56709 - "POST /login HTTP/1.1" 307
2025-08-29 21:11:40,863 [INFO] uvicorn.access - 127.0.0.1:56709 - "POST /login/ HTTP/1.1" 403
2025-08-29 21:11:56,382 [INFO] backend - Root endpoint hit
2025-08-29 21:11:56,383 [INFO] uvicorn.access - 127.0.0.1:61730 - "GET / HTTP/1.1" 200
2025-08-29 21:16:55,200 [INFO] uvicorn.error - Shutting down
2025-08-29 21:16:55,307 [INFO] uvicorn.error - Waiting for application shutdown.
2025-08-29 21:16:55,308 [INFO] uvicorn.error - Application shutdown complete.
2025-08-29 21:16:55,308 [INFO] uvicorn.error - Finished server process [21936]
2025-08-29 21:17:01,434 [INFO] uvicorn.error - Started server process [3368]
2025-08-29 21:17:01,435 [INFO] uvicorn.error - Waiting for application startup.
2025-08-29 21:17:01,452 [INFO] uvicorn.error - Application startup complete.
2025-08-29 21:17:01,453 [INFO] uvicorn.access - 127.0.0.1:54990 - "POST /login HTTP/1.1" 307
2025-08-29 21:17:01,490 [INFO] uvicorn.access - 127.0.0.1:54990 - "POST /login/ HTTP/1.1" 403
2025-08-29 21:19:50,671 [INFO] uvicorn.error - Shutting down
2025-08-29 21:19:50,778 [INFO] uvicorn.error - Waiting for application shutdown.
2025-08-29 21:19:50,779 [INFO] uvicorn.error - Application shutdown complete.
2025-08-29 21:19:50,779 [INFO] uvicorn.error - Finished server process [3368]
2025-08-29 21:19:56,896 [INFO] uvicorn.error - Started server process [4180]
2025-08-29 21:19:56,897 [INFO] uvicorn.error - Waiting for application startup.
2025-08-29 21:19:56,925 [INFO] uvicorn.error - Application startup complete.
2025-08-29 21:19:56,945 [ERROR] uvicorn.error - Traceback (most recent call last):
  File "C:\Users\araja\AppData\Local\Programs\Python\Python313\Lib\asyncio\runners.py", line 118, in run
    return self._loop.run_until_complete(task)
           ~~~~~~~~~~~~~~~~~~~~~~~~~~~~~^^^^^^
  File "C:\Users\araja\AppData\Local\Programs\Python\Python313\Lib\asyncio\base_events.py", line 725, in run_until_complete
    return future.result()
           ~~~~~~~~~~~~~^^
asyncio.exceptions.CancelledError

During handling of the above exception, another exception occurred:

Traceback (most recent call last):
  File "C:\Users\araja\AppData\Local\Programs\Python\Python313\Lib\asyncio\runners.py", line 195, in run
    return runner.run(main)
           ~~~~~~~~~~^^^^^^
  File "C:\Users\araja\AppData\Local\Programs\Python\Python313\Lib\asyncio\runners.py", line 123, in run
    raise KeyboardInterrupt()
KeyboardInterrupt

During handling of the above exception, another exception occurred:

Traceback (most recent call last):
  File "C:\Users\araja\Udemy\firstaiproject\uvproject\.venv\Lib\site-packages\starlette\routing.py", line 701, in lifespan
    await receive()
  File "C:\Users\araja\Udemy\firstaiproject\uvproject\.venv\Lib\site-packages\uvicorn\lifespan\on.py", line 137, in receive
    return await self.receive_queue.get()
           ^^^^^^^^^^^^^^^^^^^^^^^^^^^^^^
  File "C:\Users\araja\AppData\Local\Programs\Python\Python313\Lib\asyncio\queues.py", line 186, in get
    await getter
asyncio.exceptions.CancelledError

2025-08-29 21:20:03,052 [INFO] uvicorn.error - Started server process [5064]
2025-08-29 21:20:03,052 [INFO] uvicorn.error - Waiting for application startup.
2025-08-29 21:20:03,083 [ERROR] uvicorn.error - Application startup failed. Exiting.
2025-08-29 21:20:16,861 [INFO] uvicorn.error - Started server process [2588]
2025-08-29 21:20:16,862 [INFO] uvicorn.error - Waiting for application startup.
2025-08-29 21:20:16,891 [ERROR] uvicorn.error - Application startup failed. Exiting.
2025-08-29 21:21:28,816 [INFO] uvicorn.error - Started server process [20364]
2025-08-29 21:21:28,816 [INFO] uvicorn.error - Waiting for application startup.
2025-08-29 21:21:28,832 [INFO] uvicorn.error - Application startup complete.
2025-08-29 21:21:28,833 [INFO] uvicorn.access - 127.0.0.1:59792 - "POST /login HTTP/1.1" 307
2025-08-29 21:21:28,870 [INFO] uvicorn.access - 127.0.0.1:59792 - "POST /login/ HTTP/1.1" 403
2025-08-29 21:21:41,450 [INFO] uvicorn.access - 127.0.0.1:49713 - "POST /login HTTP/1.1" 307
2025-08-29 21:21:41,461 [INFO] uvicorn.access - 127.0.0.1:49713 - "POST /login/ HTTP/1.1" 403
2025-08-29 21:21:56,239 [INFO] backend - Root endpoint hit
2025-08-29 21:21:56,240 [INFO] uvicorn.access - 127.0.0.1:57228 - "GET / HTTP/1.1" 200
